<?xml version="1.0" encoding="UTF-8"?>
<testsuite xmlns:xsi="http://www.w3.org/2001/XMLSchema-instance" xsi:noNamespaceSchemaLocation="https://maven.apache.org/surefire/maven-surefire-plugin/xsd/surefire-test-report-3.0.xsd" version="3.0" name="com.connectsphere.media.MediaServiceTests" time="15.266" tests="3" errors="0" skipped="0" failures="0">
  <properties>
[...]
</properties>
  <testcase name="uploadValidImage_shouldReturnMediaResponse" classname="com.connectsphere.media.MediaServiceTests" time="1.478">
    <system-out><![CDATA[11:01:39.457 [main] INFO org.springframework.test.context.support.AnnotationConfigContextLoaderUtils -- Could not detect default configuration classes for test class [com.connectsphere.media.MediaServiceTests]: MediaServiceTests does not declare any static, non-private, non-final, nested classes annotated with @Configuration.
11:01:39.640 [main] INFO org.springframework.boot.test.context.SpringBootTestContextBootstrapper -- Found @SpringBootConfiguration com.connectsphere.media.MediaServiceApplication for test class com.connectsphere.media.MediaServiceTests

  .   ____          _            __ _ _
 /\\ / ___'_ __ _ _(_)_ __  __ _ \ \ \ \
( ( )\___ | '_ | '_| | '_ \/ _` | \ \ \ \
 \\/  ___)| |_)| | | | | || (_| |  ) ) ) )
  '  |____| .__|_| |_|_| |_\__, | / / / /
 =========|_|==============|___/=/_/_/_/

 :: Spring Boot ::                (v3.3.5)

2026-04-24T11:01:40.552+05:30  INFO 3200 --- [media-service] [           main] c.connectsphere.media.MediaServiceTests  : Starting MediaServiceTests using Java 23.0.2 with PID 3200 (started by kumar in C:\Users\kumar\Downloads\SocialMediaMiniApplication_WithIntegrations\SocialMediaMiniAppliccation\media-service)
2026-04-24T11:01:40.554+05:30  INFO 3200 --- [media-service] [           main] c.connectsphere.media.MediaServiceTests  : No active profile set, falling back to 1 default profile: "default"
2026-04-24T11:01:42.722+05:30  INFO 3200 --- [media-service] [           main] .s.d.r.c.RepositoryConfigurationDelegate : Bootstrapping Spring Data JPA repositories in DEFAULT mode.
2026-04-24T11:01:43.034+05:30  INFO 3200 --- [media-service] [           main] .s.d.r.c.RepositoryConfigurationDelegate : Finished Spring Data repository scanning in 292 ms. Found 1 JPA repository interface.
2026-04-24T11:01:43.530+05:30  INFO 3200 --- [media-service] [           main] o.s.cloud.context.scope.GenericScope     : BeanFactory id=5a4829f5-4995-3f0b-92e2-213ab25114bb
2026-04-24T11:01:44.341+05:30  WARN 3200 --- [media-service] [           main] trationDelegate$BeanPostProcessorChecker : Bean 'org.springframework.cloud.client.loadbalancer.LoadBalancerAutoConfiguration$DeferringLoadBalancerInterceptorConfig' of type [org.springframework.cloud.client.loadbalancer.LoadBalancerAutoConfiguration$DeferringLoadBalancerInterceptorConfig] is not eligible for getting processed by all BeanPostProcessors (for example: not eligible for auto-proxying). The currently created BeanPostProcessor [lbRestClientPostProcessor] is declared through a non-static factory method on that class; consider declaring it as static instead.
2026-04-24T11:01:44.351+05:30  WARN 3200 --- [media-service] [           main] trationDelegate$BeanPostProcessorChecker : Bean 'deferringLoadBalancerInterceptor' of type [org.springframework.cloud.client.loadbalancer.DeferringLoadBalancerInterceptor] is not eligible for getting processed by all BeanPostProcessors (for example: not eligible for auto-proxying). Is this bean getting eagerly injected/applied to a currently created BeanPostProcessor [lbRestClientPostProcessor]? Check the corresponding BeanPostProcessor declaration and its dependencies/advisors. If this bean does not have to be post-processed, declare it with ROLE_INFRASTRUCTURE.
2026-04-24T11:01:44.818+05:30  INFO 3200 --- [media-service] [           main] o.hibernate.jpa.internal.util.LogHelper  : HHH000204: Processing PersistenceUnitInfo [name: default]
2026-04-24T11:01:44.968+05:30  INFO 3200 --- [media-service] [           main] org.hibernate.Version                    : HHH000412: Hibernate ORM core version 6.5.3.Final
2026-04-24T11:01:45.042+05:30  INFO 3200 --- [media-service] [           main] o.h.c.internal.RegionFactoryInitiator    : HHH000026: Second-level cache disabled
2026-04-24T11:01:45.818+05:30  INFO 3200 --- [media-service] [           main] o.s.o.j.p.SpringPersistenceUnitInfo      : No LoadTimeWeaver setup: ignoring JPA class transformer
2026-04-24T11:01:45.895+05:30  INFO 3200 --- [media-service] [           main] com.zaxxer.hikari.HikariDataSource       : HikariPool-1 - Starting...
2026-04-24T11:01:46.431+05:30  INFO 3200 --- [media-service] [           main] com.zaxxer.hikari.pool.HikariPool        : HikariPool-1 - Added connection conn0: url=jdbc:h2:mem:mediatestdb user=SA
2026-04-24T11:01:46.435+05:30  INFO 3200 --- [media-service] [           main] com.zaxxer.hikari.HikariDataSource       : HikariPool-1 - Start completed.
2026-04-24T11:01:46.494+05:30  WARN 3200 --- [media-service] [           main] org.hibernate.orm.deprecation            : HHH90000025: H2Dialect does not need to be specified explicitly using 'hibernate.dialect' (remove the property setting and it will be selected by default)
2026-04-24T11:01:48.281+05:30  INFO 3200 --- [media-service] [           main] o.h.e.t.j.p.i.JtaPlatformInitiator       : HHH000489: No JTA platform available (set 'hibernate.transaction.jta.platform' to enable JTA platform integration)
2026-04-24T11:01:48.325+05:30  INFO 3200 --- [media-service] [           main] j.LocalContainerEntityManagerFactoryBean : Initialized JPA EntityManagerFactory for persistence unit 'default'
2026-04-24T11:01:52.146+05:30  INFO 3200 --- [media-service] [           main] o.s.b.t.m.w.SpringBootMockServletContext : Initializing Spring TestDispatcherServlet ''
2026-04-24T11:01:52.147+05:30  INFO 3200 --- [media-service] [           main] o.s.t.web.servlet.TestDispatcherServlet  : Initializing Servlet ''
2026-04-24T11:01:52.178+05:30  INFO 3200 --- [media-service] [           main] o.s.b.a.e.web.EndpointLinksResolver      : Exposing 2 endpoints beneath base path '/actuator'
2026-04-24T11:01:52.230+05:30  INFO 3200 --- [media-service] [           main] o.s.t.web.servlet.TestDispatcherServlet  : Completed initialization in 82 ms
2026-04-24T11:01:52.343+05:30  INFO 3200 --- [media-service] [           main] DiscoveryClientOptionalArgsConfiguration : Eureka HTTP Client uses RestTemplate.
2026-04-24T11:01:52.513+05:30  WARN 3200 --- [media-service] [           main] iguration$LoadBalancerCaffeineWarnLogger : Spring Cloud LoadBalancer is currently working with the default cache. While this cache implementation is useful for development and tests, it's recommended to use Caffeine cache in production.You can switch to using Caffeine cache, by adding it and org.springframework.cache.caffeine.CaffeineCacheManager to the classpath.
2026-04-24T11:01:52.674+05:30  INFO 3200 --- [media-service] [           main] c.connectsphere.media.MediaServiceTests  : Started MediaServiceTests in 12.758 seconds (process running for 14.409)
]]></system-out>
    <system-err><![CDATA[WARNING: A Java agent has been loaded dynamically (C:\Users\kumar\Downloads\SocialMediaMiniApplication_WithIntegrations\SocialMediaMiniAppliccation\media-service\.m2\net\bytebuddy\byte-buddy-agent\1.14.19\byte-buddy-agent-1.14.19.jar)
WARNING: If a serviceability tool is in use, please run with -XX:+EnableDynamicAgentLoading to hide this warning
WARNING: If a serviceability tool is not in use, please run with -Djdk.instrument.traceUsage for more information
WARNING: Dynamic loading of agents will be disallowed by default in a future release
]]></system-err>
  </testcase>
  <testcase name="uploadStory_shouldSetExpiry" classname="com.connectsphere.media.MediaServiceTests" time="0.036"/>
  <testcase name="uploadEmptyFile_shouldReturn400" classname="com.connectsphere.media.MediaServiceTests" time="0.032"/>
</testsuite>